<?xml version="1.0" encoding="UTF-8"?>
<!-- Generated by org.testng.reporters.JUnitReportReporter -->
<testsuite skipped="0" hostname="DESKTOP-QPU8RFA" name="com.Assetmanagement.testcases.LoginTestCase" tests="1" failures="0" timestamp="2022-10-28T18:00:45 IST" time="4.683" errors="0">
  <testcase name="logintest" time="4.683" classname="com.Assetmanagement.testcases.LoginTestCase"/>
  <system-out/>
</testsuite> <!-- com.Assetmanagement.testcases.LoginTestCase -->
