<?xml version="1.0" encoding="UTF-8"?>
<!-- Generated by org.testng.reporters.JUnitReportReporter -->
<testsuite skipped="0" hostname="DESKTOP-QPU8RFA" name="com.Assetmanagement.testcases.InviteTestCase" tests="2" failures="0" timestamp="2022-10-28T18:14:26 IST" time="79.015" errors="0">
  <testcase name="Invite" time="34.112" classname="com.Assetmanagement.testcases.InviteTestCase"/>
  <system-out/>
  <testcase name="Signup" time="44.903" classname="com.Assetmanagement.testcases.InviteTestCase"/>
  <system-out/>
</testsuite> <!-- com.Assetmanagement.testcases.InviteTestCase -->
